<?xml version="1.0" encoding="UTF-8"?>
<testsuite xmlns:xsi="http://www.w3.org/2001/XMLSchema-instance" xsi:noNamespaceSchemaLocation="https://maven.apache.org/surefire/maven-surefire-plugin/xsd/surefire-test-report.xsd" name="com.ipgeolocation.utils.GeolocationUtilsTest" time="1.659" tests="2" errors="1" skipped="0" failures="0">
  <properties>
[...]
</properties>
  <testcase name="getCurrentDateTest" classname="com.ipgeolocation.utils.GeolocationUtilsTest" time="0.06"/>
  <testcase name="getCurrencyWithPriceToShow" classname="com.ipgeolocation.utils.GeolocationUtilsTest" time="1.587">
    <error message="Error while trying to call CurrencyAPI :No value for info" type="java.lang.Exception">java.lang.Exception: Error while trying to call CurrencyAPI :No value for info
	at com.ipgeolocation.utils.GeolocationUtilsTest.getCurrencyWithPriceToShow(GeolocationUtilsTest.java:48)
</error>
  </testcase>
</testsuite>